Running script...
Hyperparameter optimization trials: 120
Number of repeats to train test final model: 5
Train size: 0.05%
Accuracy: 0.9063519239425659
ROCAUC: 0.9921576380729675
Accuracy: 0.9205823540687561
ROCAUC: 0.993990957736969
Accuracy: 0.3630257546901703
ROCAUC: 0.787929117679596
Accuracy: 0.9222734570503235
ROCAUC: 0.9948685765266418
Accuracy: 0.45436370372772217
ROCAUC: 0.8426700234413147
Elapsed time: 1:51:25.748297
Train size: 0.1%
Accuracy: 0.9139408469200134
ROCAUC: 0.9934223294258118
Accuracy: 0.9296837449073792
ROCAUC: 0.9955787062644958
Accuracy: 0.9323627352714539
ROCAUC: 0.9960747361183167
Accuracy: 0.92295241355896
ROCAUC: 0.9945980906486511
Accuracy: 0.9252830147743225
ROCAUC: 0.9949904084205627
Elapsed time: 3:51:33.824685
Train size: 0.5%
Accuracy: 0.9816787242889404
ROCAUC: 0.9990820288658142
Accuracy: 0.9781229496002197
ROCAUC: 0.9993083477020264
Accuracy: 0.9654048681259155
ROCAUC: 0.9986408352851868
Accuracy: 0.959434986114502
ROCAUC: 0.9982829689979553
Accuracy: 0.9593874216079712
ROCAUC: 0.9980281591415405
Elapsed time: 6:37:19.179700
Train size: 1.0%
Accuracy: 0.9587393403053284
ROCAUC: 0.9982537031173706
Accuracy: 0.9836925864219666
ROCAUC: 0.9994494318962097
Accuracy: 0.9813860654830933
ROCAUC: 0.9994015097618103
Accuracy: 0.9653528332710266
ROCAUC: 0.9985740780830383
Accuracy: 0.960787296295166
ROCAUC: 0.9983327388763428
Elapsed time: 9:21:57.285980
Train size: 5.0%
Accuracy: 0.9872425198554993
ROCAUC: 0.99965500831604
Accuracy: 0.988675594329834
ROCAUC: 0.9997449517250061
Accuracy: 0.9887272119522095
ROCAUC: 0.999660074710846
Accuracy: 0.9730220437049866
ROCAUC: 0.9991551637649536
Accuracy: 0.9890270829200745
ROCAUC: 0.9996458888053894
Elapsed time: 13:53:08.112485
Train size: 10.0%
Accuracy: 0.98731529712677
ROCAUC: 0.9996494650840759
Accuracy: 0.9897816777229309
ROCAUC: 0.9996986389160156
Accuracy: 0.98972487449646
ROCAUC: 0.9997707605361938
Accuracy: 0.99067622423172
ROCAUC: 0.9997446537017822
Accuracy: 0.989178478717804
ROCAUC: 0.9997275471687317
Elapsed time: 19:21:38.245333
